976.11 27
2928.33 27
4880.55 18
6832.77 9
8784.99 6
10737.21 3
12689.43 3
14641.65 0
16593.87 0
18546.09 0
20498.31 0
22450.53 0
24402.75 0
26354.97 0
28307.19 0
30259.41 0
32211.63 0
34163.85 0
36116.07 0
38068.29 0
40020.51 0
41972.73 0
43924.95 0
45877.17 0
47829.39 0
49781.61 0
51733.83 0
53686.05 0
55638.27 0
57590.49 0
59542.71 0
61494.93 0
63447.15 0
65399.37 0
67351.59 0
69303.81 0
71256.03 0
73208.25 0
75160.47 0
77112.69 0
79064.91 0
81017.13 0
82969.35 0
84921.57 0
86873.79 0
88826.01 0
90778.23 0
92730.45 0
94682.67 0
96634.89 0
98587.11 0
100539.33 10
102491.55 6
104443.77 4
106395.99 3
108348.21 2
110300.43 2
112252.65 2
114204.87 2
116157.09 1
118109.31 1
120061.53 1
122013.75 0
123965.97 0
125918.19 0
127870.41 0
129822.63 0
131774.85 0
133727.07 0
135679.29 0
137631.51 0
139583.73 0
141535.95 0
143488.17 0
145440.39 0
147392.61 0
149344.83 0
151297.05 0
153249.27 0
155201.49 0
157153.71 0
159105.93 0
161058.15 0
163010.37 0
164962.59 6
166914.81 6
168867.03 6
170819.25 6
172771.47 6
174723.69 6
176675.91 6
178628.13 6
180580.35 6
182532.57 3
184484.79 3
186437.01 3
188389.23 3
190341.45 3
192293.67 3
194245.89 3
