358.80375 27 WideG,WideR,WideI,WideZ,WideY,CosmosG,CosmosR,CosmosI,CosmosZ,
1076.4112499999999 33 WideG,WideR,WideI,WideZ,WideY,CosmosG,CosmosR,CosmosI,CosmosZ,CosmosY,CosmosN,
1794.01875 30 WideG,WideI,WideZ,WideY,CosmosG,CosmosR,CosmosI,CosmosZ,CosmosY,CosmosN,
2511.62625 30 WideG,WideI,WideZ,WideY,CosmosG,CosmosR,CosmosI,CosmosZ,CosmosY,CosmosN,
3229.23375 27 WideG,WideI,WideY,CosmosG,CosmosR,CosmosI,CosmosZ,CosmosY,CosmosN,
3946.84125 21 WideG,WideY,CosmosR,CosmosI,CosmosZ,CosmosY,CosmosN,
4664.44875 18 WideG,WideY,CosmosI,CosmosZ,CosmosY,CosmosN,
5382.05625 18 WideG,WideY,CosmosI,CosmosZ,CosmosY,CosmosN,
6099.66375 18 WideG,WideY,CosmosI,CosmosZ,CosmosY,CosmosN,
6817.27125 15 WideG,CosmosI,CosmosZ,CosmosY,CosmosN,
7534.87875 6 CosmosZ,CosmosY,
8252.48625 3 CosmosY,
8970.09375 3 CosmosY,
9687.70125 3 CosmosY,
10405.30875 3 CosmosY,
11122.91625 3 CosmosY,
11840.523749999998 3 CosmosY,
12558.131249999999 3 CosmosY,
13275.738749999999 3 CosmosY,
13993.346249999999 0 
14710.953749999999 0 
15428.561249999999 0 
16146.168749999999 0 
16863.77625 0 
17581.383749999997 0 
18298.99125 0 
19016.598749999997 0 
19734.20625 0 
20451.813749999998 0 
21169.42125 0 
21887.028749999998 0 
22604.63625 0 
23322.243749999998 0 
24039.85125 0 
24757.458749999998 0 
25475.06625 0 
26192.673749999998 0 
26910.28125 0 
27627.88875 0 
28345.49625 0 
29063.10375 0 
29780.711249999997 0 
30498.31875 0 
31215.926249999997 0 
31933.53375 0 
32651.141249999997 0 
33368.74875 0 
34086.35625 0 
34803.963749999995 0 
35521.57125 0 
36239.17875 0 
36956.78625 0 
37674.393749999996 0 
38392.00125 0 
39109.60875 0 
39827.21625 0 
40544.823749999996 0 
41262.431249999994 0 
41980.03875 0 
42697.64625 0 
43415.253749999996 0 
44132.861249999994 0 
44850.46875 0 
45568.07625 0 
46285.68375 0 
47003.291249999995 0 
47720.89875 0 
48438.50625 0 
49156.11375 0 
49873.721249999995 0 
50591.32875 0 
51308.93625 0 
52026.54375 0 
52744.151249999995 0 
53461.75874999999 0 
54179.36625 0 
54896.97375 0 
55614.581249999996 0 
56332.188749999994 0 
57049.79625 0 
57767.40375 0 
58485.011249999996 0 
59202.618749999994 0 
59920.22625 0 
60637.83375 0 
61355.441249999996 0 
62073.048749999994 0 
62790.65625 0 
63508.26375 0 
64225.87125 0 
64943.478749999995 0 
65661.08625 0 
66378.69374999999 0 
67096.30124999999 0 
67813.90875 0 
68531.51625 0 
69249.12375 0 
69966.73125 0 
70684.33875 0 
71401.94625 0 
72119.55374999999 0 
72837.16124999999 0 
73554.76875 0 
74272.37625 0 
74989.98375 0 
75707.59125 0 
76425.19875 0 
77142.80625 0 
77860.41374999999 0 
78578.02124999999 0 
79295.62874999999 0 
80013.23625 0 
80730.84375 0 
81448.45125 0 
82166.05875 0 
82883.66625 0 
83601.27375 0 
84318.88124999999 0 
85036.48874999999 0 
85754.09625 0 
86471.70375 0 
87189.31125 0 
87906.91875 0 
88624.52625 0 
89342.13375 0 
90059.74124999999 0 
90777.34874999999 0 
91494.95624999999 0 
92212.56375 0 
92930.17125 0 
93647.77875 0 
94365.38625 2 coaddWG,coaddWR,
95082.99375 5 coaddWG,coaddWR,coaddWI,coaddWZ,coaddCG,
95800.60124999999 5 coaddWG,coaddWR,coaddWI,coaddWZ,coaddCG,
96518.20874999999 5 coaddWG,coaddWR,coaddWI,coaddWZ,coaddCG,
97235.81624999999 8 coaddWG,coaddWI,coaddWZ,coaddCG,coaddWY,coaddCR,coaddCI,coaddCZ,
97953.42374999999 10 coaddWG,coaddWI,coaddWZ,coaddCG,coaddWY,coaddCR,coaddCI,coaddCZ,coaddCN,coaddCY,
98671.03125 10 coaddWG,coaddWI,coaddWZ,coaddCG,coaddWY,coaddCR,coaddCI,coaddCZ,coaddCN,coaddCY,
99388.63875 8 coaddWG,coaddCG,coaddWY,coaddCR,coaddCI,coaddCZ,coaddCN,coaddCY,
100106.24625 8 coaddWG,coaddCG,coaddWY,coaddCR,coaddCI,coaddCZ,coaddCN,coaddCY,
100823.85375 6 coaddCG,coaddCR,coaddCI,coaddCZ,coaddCN,coaddCY,
101541.46125 6 coaddCG,coaddCR,coaddCI,coaddCZ,coaddCN,coaddCY,
102259.06874999999 5 coaddCR,coaddCI,coaddCZ,coaddCN,coaddCY,
102976.67624999999 5 coaddCR,coaddCI,coaddCZ,coaddCN,coaddCY,
103694.28374999999 5 coaddCR,coaddCI,coaddCZ,coaddCN,coaddCY,
104411.89125 4 coaddCI,coaddCZ,coaddCN,coaddCY,
105129.49875 4 coaddCI,coaddCZ,coaddCN,coaddCY,
105847.10625 4 coaddCI,coaddCZ,coaddCN,coaddCY,
106564.71375 4 coaddCI,coaddCZ,coaddCN,coaddCY,
107282.32125 4 coaddCI,coaddCZ,coaddCN,coaddCY,
107999.92874999999 4 coaddCI,coaddCZ,coaddCN,coaddCY,
108717.53624999999 4 coaddCI,coaddCZ,coaddCN,coaddCY,
109435.14374999999 3 coaddCI,coaddCZ,coaddCY,
110152.75124999999 3 coaddCI,coaddCZ,coaddCY,
110870.35875 3 coaddCI,coaddCZ,coaddCY,
111587.96625 2 coaddCZ,coaddCY,
112305.57375 2 coaddCZ,coaddCY,
113023.18125 2 coaddCZ,coaddCY,
113740.78874999999 2 coaddCZ,coaddCY,
114458.39624999999 2 coaddCZ,coaddCY,
115176.00374999999 2 coaddCZ,coaddCY,
115893.61124999999 2 coaddCZ,coaddCY,
116611.21875 2 coaddCZ,coaddCY,
117328.82625 2 coaddCZ,coaddCY,
118046.43375 2 coaddCZ,coaddCY,
118764.04125 2 coaddCZ,coaddCY,
119481.64875 2 coaddCZ,coaddCY,
120199.25624999999 2 coaddCZ,coaddCY,
120916.86374999999 1 coaddCY,
121634.47124999999 1 coaddCY,
122352.07874999999 1 coaddCY,
123069.68625 1 coaddCY,
123787.29375 1 coaddCY,
124504.90125 1 coaddCY,
125222.50875 1 coaddCY,
125940.11624999999 1 coaddCY,
126657.72374999999 1 coaddCY,
127375.33124999999 1 coaddCY,
128092.93874999999 1 coaddCY,
128810.54625 1 coaddCY,
129528.15375 1 coaddCY,
130245.76125 1 coaddCY,
130963.36875 1 coaddCY,
131680.97625 0 
132398.58375 0 
133116.19125 0 
133833.79875 0 
134551.40625 0 
135269.01374999998 0 
135986.62125 0 
136704.22874999998 0 
137421.83625 0 
138139.44375 0 
138857.05125 0 
139574.65875 0 
140292.26625 0 
141009.87375 0 
141727.48124999998 0 
142445.08875 0 
143162.69624999998 0 
143880.30375 0 
144597.91125 0 
145315.51875 0 
146033.12625 0 
146750.73374999998 0 
147468.34125 0 
148185.94874999998 0 
148903.55625 0 
149621.16374999998 0 
150338.77125 0 
151056.37875 0 
151773.98625 0 
152491.59375 0 
153209.20124999998 0 
153926.80875 0 
154644.41624999998 0 
155362.02375 0 
156079.63124999998 0 
156797.23875 0 
157514.84625 2 mtWide,
158232.45375 2 mtWide,
158950.06125 2 mtWide,
159667.66874999998 2 mtWide,
160385.27625 2 mtWide,
161102.88374999998 2 mtWide,
161820.49125 2 mtWide,
162538.09875 2 mtWide,
163255.70625 2 mtWide,
163973.31375 2 mtWide,
164690.92124999998 2 mtWide,
165408.52875 2 mtWide,
166126.13624999998 2 mtWide,
166843.74375 2 mtWide,
167561.35124999998 2 mtWide,
168278.95875 2 mtWide,
168996.56625 2 mtWide,
169714.17375 2 mtWide,
170431.78125 2 mtWide,
171149.38874999998 2 mtWide,
171866.99625 2 mtWide,
172584.60374999998 2 mtWide,
173302.21125 2 mtWide,
174019.81874999998 2 mtWide,
174737.42625 2 mtWide,
175455.03375 2 mtWide,
176172.64125 2 mtWide,
176890.24875 2 mtWide,
177607.85624999998 2 mtWide,
178325.46375 2 mtWide,
179043.07124999998 2 mtWide,
179760.67875 2 mtWide,
180478.28624999998 2 mtWide,
181195.89375 2 mtWide,
181913.50125 2 mtWide,
182631.10874999998 2 mtWide,
183348.71625 2 mtWide,
184066.32374999998 2 mtWide,
184783.93125 2 mtWide,
185501.53874999998 2 mtWide,
186219.14625 2 mtWide,
186936.75375 2 mtWide,
187654.36125 2 mtWide,
188371.96875 0 
189089.57624999998 0 
189807.18375 0 
190524.79124999998 0 
191242.39875 0 
191960.00624999998 0 
192677.61375 0 
193395.22125 0 
194112.82875 0 
194830.43625 0 
195548.04374999998 0 
196265.65125 0 
196983.25874999998 0 
197700.86625 0 
198418.47374999998 0 
199136.08125 0 
199853.68875 0 
200571.29624999998 0 
201288.90375 0 
202006.51124999998 0 
202724.11875 0 
203441.72624999998 0 
204159.33375 0 
204876.94124999997 0 
205594.54875 0 
206312.15625 0 
207029.76374999998 0 
207747.37125 0 
208464.97874999998 0 
209182.58625 0 
209900.19374999998 0 
210617.80125 0 
211335.40875 0 
212053.01625 0 
212770.62375 0 
213488.23124999998 0 
214205.83875 0 
214923.44624999998 0 
215641.05375 0 
216358.66124999998 0 
217076.26875 0 
217793.87625 0 
218511.48374999998 0 
219229.09125 0 
219946.69874999998 0 
220664.30625 0 
221381.91374999998 0 
222099.52125 0 
222817.12874999997 0 
223534.73625 0 
224252.34375 0 
224969.95124999998 0 
225687.55875 0 
226405.16624999998 0 
227122.77375 0 
227840.38124999998 0 
228557.98875 0 
229275.59624999997 0 
229993.20375 0 
230710.81125 0 
231428.41874999998 0 
232146.02625 0 
232863.63374999998 0 
233581.24125 0 
234298.84874999998 0 
235016.45625 0 
235734.06374999997 0 
236451.67124999998 0 
237169.27875 0 
237886.88624999998 0 
238604.49375 0 
239322.10124999998 0 
240039.70875 0 
240757.31624999997 0 
241474.92375 0 
242192.53125 0 
242910.13874999998 0 
243627.74625 0 
244345.35374999998 0 
245062.96125 0 
245780.56874999998 0 
246498.17625 0 
247215.78374999997 0 
247933.39125 0 
248650.99875 0 
249368.60624999998 0 
250086.21375 0 
250803.82124999998 0 
251521.42875 0 
252239.03624999998 0 
252956.64375 0 
253674.25124999997 0 
254391.85874999998 0 
255109.46625 0 
255827.07374999998 0 
256544.68125 0 
257262.28874999998 0 
257979.89625 0 
258697.50374999997 0 
259415.11125 0 
260132.71874999997 0 
260850.32624999998 0 
261567.93375 0 
262285.54125 0 
263003.14875 0 
263720.75625 0 
264438.36374999996 0 
265155.97125 0 
265873.57875 0 
266591.18624999997 0 
267308.79375 0 
268026.40125 0 
268744.00875 0 
269461.61624999996 0 
270179.22375 0 
270896.83125 0 
271614.43875 0 
272332.04624999996 0 
273049.65375 0 
273767.26125 2 mtCosmos,
274484.86874999997 2 mtCosmos,
275202.47625 2 mtCosmos,
275920.08375 2 mtCosmos,
276637.69125 2 mtCosmos,
277355.29874999996 2 mtCosmos,
278072.90625 2 mtCosmos,
278790.51375 2 mtCosmos,
279508.12124999997 2 mtCosmos,
280225.72875 2 mtCosmos,
280943.33625 2 mtCosmos,
281660.94375 2 mtCosmos,
282378.55124999996 2 mtCosmos,
283096.15875 2 mtCosmos,
283813.76625 2 mtCosmos,
284531.37374999997 2 mtCosmos,
285248.98125 2 mtCosmos,
285966.58875 2 mtCosmos,
286684.19625 2 mtCosmos,
