247.4325 33 WideG,WideR,WideZ,WideI,WideY,CosmosG,CosmosR,CosmosI,CosmosZ,CosmosY,CosmosN,
742.2975 33 WideG,WideR,WideZ,WideI,WideY,CosmosG,CosmosR,CosmosI,CosmosZ,CosmosY,CosmosN,
1237.1625 33 WideG,WideR,WideZ,WideI,WideY,CosmosG,CosmosR,CosmosI,CosmosZ,CosmosY,CosmosN,
1732.0275000000001 33 WideG,WideR,WideZ,WideI,WideY,CosmosG,CosmosR,CosmosI,CosmosZ,CosmosY,CosmosN,
2226.8925 30 WideG,WideZ,WideI,WideY,CosmosG,CosmosR,CosmosI,CosmosZ,CosmosY,CosmosN,
2721.7575 30 WideG,WideZ,WideI,WideY,CosmosG,CosmosR,CosmosI,CosmosZ,CosmosY,CosmosN,
3216.6225 30 WideG,WideZ,WideI,WideY,CosmosG,CosmosR,CosmosI,CosmosZ,CosmosY,CosmosN,
3711.4875 21 WideG,WideZ,CosmosR,CosmosI,CosmosZ,CosmosY,CosmosN,
4206.3525 18 WideG,WideZ,CosmosI,CosmosZ,CosmosY,CosmosN,
4701.2175 18 WideG,WideZ,CosmosI,CosmosZ,CosmosY,CosmosN,
5196.0825 18 WideG,WideZ,CosmosI,CosmosZ,CosmosY,CosmosN,
5690.9475 18 WideG,WideZ,CosmosI,CosmosZ,CosmosY,CosmosN,
6185.8125 12 CosmosI,CosmosZ,CosmosY,CosmosN,
6680.6775 9 CosmosI,CosmosZ,CosmosY,
7175.5425000000005 6 CosmosZ,CosmosY,
7670.4075 3 CosmosY,
8165.2725 3 CosmosY,
8660.1375 3 CosmosY,
9155.0025 3 CosmosY,
9649.8675 3 CosmosY,
10144.7325 3 CosmosY,
10639.5975 3 CosmosY,
11134.4625 3 CosmosY,
11629.3275 3 CosmosY,
12124.192500000001 3 CosmosY,
12619.0575 3 CosmosY,
13113.9225 0 
13608.7875 0 
14103.6525 0 
14598.5175 0 
15093.3825 0 
15588.2475 0 
16083.112500000001 0 
16577.9775 0 
17072.8425 0 
17567.7075 12 mosaic-9813-HSC-G,mosaic-9813-HSC-R,mosaic-9813-HSC-I,mosaic-9813-HSC-Y,mosaic-9813-HSC-Z,mosaic-9813-NB0921,mosaic-8766-HSC-G,mosaic-8766-HSC-R,mosaic-8766-HSC-I,mosaic-8766-HSC-Z,mosaic-8766-HSC-Y,mosaic-8767-HSC-G,
18062.572500000002 9 mosaic-9813-HSC-G,mosaic-9813-HSC-R,mosaic-9813-HSC-I,mosaic-9813-HSC-Y,mosaic-9813-HSC-Z,mosaic-9813-NB0921,mosaic-8767-HSC-I,mosaic-8767-HSC-Z,mosaic-8767-HSC-Y,
18557.4375 4 mosaic-9813-HSC-I,mosaic-9813-HSC-Y,mosaic-9813-HSC-Z,mosaic-9813-NB0921,
19052.3025 2 mosaic-9813-HSC-Y,mosaic-9813-HSC-Z,
19547.1675 5 mosaic-9813-HSC-Y,coaddWG,coaddWR,coaddWI,coaddWZ,
20042.0325 6 mosaic-9813-HSC-Y,coaddWG,coaddWR,coaddWI,coaddWZ,coaddWY,
20536.8975 6 mosaic-9813-HSC-Y,coaddWG,coaddWR,coaddWI,coaddWZ,coaddWY,
21031.7625 5 coaddWG,coaddWR,coaddWI,coaddWZ,coaddWY,
21526.6275 4 coaddWG,coaddWI,coaddWZ,coaddWY,
22021.4925 3 coaddWG,coaddWZ,coaddWY,
22516.357500000002 3 coaddWG,coaddWZ,coaddWY,
23011.2225 3 coaddWG,coaddWZ,coaddWY,
23506.0875 2 coaddWG,coaddWZ,
24000.9525 2 coaddWG,coaddWZ,
24495.8175 1 coaddWG,
24990.6825 0 
25485.5475 0 
25980.412500000002 0 
26475.2775 0 
26970.1425 0 
27465.0075 0 
27959.8725 0 
28454.7375 0 
28949.6025 0 
29444.4675 0 
29939.3325 0 
30434.197500000002 0 
30929.0625 0 
31423.9275 0 
31918.7925 0 
32413.6575 0 
32908.5225 0 
33403.3875 0 
33898.2525 0 
34393.1175 0 
34887.9825 2 coaddCG,coaddCR,
35382.8475 2 coaddCG,coaddCR,
35877.7125 5 coaddCG,coaddCR,mtWide,
36372.5775 5 coaddCG,coaddCR,mtWide,
36867.4425 5 coaddCG,coaddCR,mtWide,
37362.3075 5 coaddCG,coaddCR,mtWide,
37857.1725 5 coaddCG,coaddCR,mtWide,
38352.0375 5 coaddCG,coaddCR,mtWide,
38846.902500000004 4 coaddCR,mtWide,
39341.7675 4 coaddCR,mtWide,
39836.6325 4 coaddCR,mtWide,
40331.4975 3 mtWide,
40826.3625 3 mtWide,
41321.2275 3 mtWide,
41816.0925 3 mtWide,
42310.957500000004 3 mtWide,
42805.8225 3 mtWide,
43300.6875 3 mtWide,
43795.5525 3 mtWide,
44290.4175 3 mtWide,
44785.2825 3 mtWide,
45280.1475 3 mtWide,
45775.012500000004 3 mtWide,
46269.8775 3 mtWide,
46764.7425 3 mtWide,
47259.6075 3 mtWide,
47754.4725 3 mtWide,
48249.3375 3 mtWide,
48744.2025 3 mtWide,
49239.0675 3 mtWide,
49733.9325 3 mtWide,
50228.7975 3 mtWide,
50723.6625 3 mtWide,
51218.527500000004 3 mtWide,
51713.3925 3 mtWide,
52208.2575 3 mtWide,
52703.1225 3 mtWide,
53197.9875 3 mtWide,
53692.8525 3 mtWide,
54187.7175 3 mtWide,
54682.582500000004 3 mtWide,
55177.4475 3 mtWide,
55672.3125 3 mtWide,
56167.1775 3 mtWide,
56662.0425 3 mtWide,
57156.9075 3 mtWide,
57651.7725 3 mtWide,
58146.637500000004 3 mtWide,
58641.5025 3 mtWide,
59136.3675 0 
59631.2325 0 
60126.0975 0 
60620.9625 0 
61115.8275 0 
61610.692500000005 0 
62105.5575 0 
62600.4225 0 
63095.2875 0 
63590.152500000004 0 
64085.0175 0 
64579.8825 0 
65074.7475 0 
65569.6125 0 
66064.47750000001 0 
66559.3425 0 
67054.2075 0 
67549.0725 0 
68043.9375 0 
68538.8025 0 
69033.6675 0 
69528.5325 0 
70023.3975 0 
70518.2625 0 
71013.1275 0 
71507.99250000001 0 
72002.8575 0 
72497.7225 0 
72992.5875 0 
73487.4525 0 
73982.3175 0 
74477.1825 0 
74972.0475 0 
75466.9125 0 
75961.7775 0 
76456.6425 0 
76951.5075 0 
77446.3725 0 
77941.2375 0 
78436.10250000001 0 
78930.9675 0 
79425.8325 0 
79920.6975 0 
80415.5625 0 
80910.4275 1 coaddCN,
81405.2925 1 coaddCN,
81900.1575 1 coaddCN,
82395.0225 1 coaddCN,
82889.8875 1 coaddCN,
83384.7525 1 coaddCN,
83879.61750000001 3 coaddCN,coaddCI,coaddCZ,
84374.4825 3 coaddCN,coaddCI,coaddCZ,
84869.3475 3 coaddCN,coaddCI,coaddCZ,
85364.21250000001 3 coaddCN,coaddCI,coaddCZ,
85859.0775 3 coaddCN,coaddCI,coaddCZ,
86353.9425 3 coaddCN,coaddCI,coaddCZ,
86848.8075 3 coaddCN,coaddCI,coaddCZ,
87343.6725 7 coaddCN,coaddCI,coaddCZ,coaddCY,
87838.5375 7 coaddCN,coaddCI,coaddCZ,coaddCY,
88333.4025 7 coaddCN,coaddCI,coaddCZ,coaddCY,
88828.2675 7 coaddCN,coaddCI,coaddCZ,coaddCY,
89323.1325 7 coaddCN,coaddCI,coaddCZ,coaddCY,
89817.9975 7 coaddCN,coaddCI,coaddCZ,coaddCY,
90312.8625 7 coaddCN,coaddCI,coaddCZ,coaddCY,
90807.72750000001 6 coaddCI,coaddCZ,coaddCY,
91302.5925 6 coaddCI,coaddCZ,coaddCY,
91797.4575 6 coaddCI,coaddCZ,coaddCY,
92292.3225 6 coaddCI,coaddCZ,coaddCY,
92787.1875 6 coaddCI,coaddCZ,coaddCY,
93282.0525 6 coaddCI,coaddCZ,coaddCY,
93776.9175 6 coaddCI,coaddCZ,coaddCY,
94271.7825 6 coaddCI,coaddCZ,coaddCY,
94766.6475 6 coaddCI,coaddCZ,coaddCY,
95261.5125 6 coaddCI,coaddCZ,coaddCY,
95756.3775 5 coaddCZ,coaddCY,
96251.24250000001 5 coaddCZ,coaddCY,
96746.1075 1 coaddCZ,
97240.9725 1 coaddCZ,
97735.83750000001 1 coaddCZ,
98230.7025 1 coaddCZ,
98725.5675 1 coaddCZ,
99220.4325 1 coaddCZ,
99715.2975 1 coaddCZ,
100210.1625 1 coaddCZ,
100705.0275 1 coaddCZ,
101199.8925 1 coaddCZ,
101694.7575 1 coaddCZ,
102189.6225 1 coaddCZ,
102684.4875 1 coaddCZ,
103179.35250000001 0 
103674.2175 0 
104169.0825 0 
104663.9475 0 
105158.8125 0 
105653.6775 0 
106148.5425 0 
106643.4075 0 
107138.2725 0 
107633.1375 0 
108128.0025 0 
108622.86750000001 0 
109117.7325 0 
109612.5975 0 
110107.46250000001 0 
110602.3275 0 
111097.1925 0 
111592.0575 0 
112086.9225 0 
112581.7875 0 
113076.6525 0 
113571.5175 0 
114066.3825 0 
114561.2475 0 
115056.1125 0 
115550.97750000001 0 
116045.8425 0 
116540.7075 0 
117035.57250000001 0 
117530.4375 0 
118025.3025 0 
118520.1675 0 
119015.0325 0 
119509.8975 0 
120004.7625 0 
120499.6275 0 
120994.49250000001 0 
121489.3575 0 
121984.2225 0 
122479.08750000001 0 
122973.9525 0 
123468.8175 0 
123963.6825 0 
124458.5475 0 
124953.4125 0 
125448.2775 0 
125943.1425 0 
126438.0075 0 
126932.8725 0 
127427.7375 0 
127922.60250000001 0 
128417.4675 0 
128912.3325 0 
129407.19750000001 0 
129902.0625 0 
130396.9275 0 
130891.7925 0 
131386.6575 0 
131881.5225 0 
132376.3875 0 
132871.2525 0 
133366.1175 0 
133860.9825 0 
134355.8475 0 
134850.7125 0 
135345.5775 0 
135840.4425 0 
136335.3075 0 
136830.17250000002 0 
137325.0375 0 
137819.9025 0 
138314.76750000002 0 
138809.6325 0 
139304.4975 0 
139799.3625 0 
140294.2275 0 
140789.0925 0 
141283.9575 0 
141778.8225 0 
142273.6875 0 
142768.5525 0 
143263.4175 0 
143758.2825 0 
144253.1475 0 
144748.0125 0 
145242.8775 0 
145737.7425 0 
146232.6075 0 
146727.4725 0 
147222.3375 0 
147717.2025 0 
148212.0675 0 
148706.9325 0 
149201.79750000002 0 
149696.6625 0 
150191.5275 0 
150686.39250000002 0 
151181.2575 0 
151676.1225 0 
152170.9875 0 
152665.8525 0 
153160.7175 0 
153655.5825 0 
154150.4475 0 
154645.3125 0 
155140.1775 0 
155635.0425 0 
156129.9075 0 
156624.7725 0 
157119.6375 0 
157614.5025 0 
158109.3675 0 
158604.2325 0 
159099.0975 0 
159593.9625 0 
160088.8275 0 
160583.6925 0 
161078.5575 0 
161573.42250000002 0 
162068.2875 0 
162563.1525 0 
163058.01750000002 0 
163552.8825 0 
164047.7475 0 
164542.61250000002 0 
165037.4775 0 
165532.3425 0 
166027.2075 0 
166522.0725 0 
167016.9375 0 
167511.8025 0 
168006.6675 4 mtCosmos3,
168501.5325 4 mtCosmos3,
168996.3975 4 mtCosmos3,
169491.2625 4 mtCosmos3,
169986.1275 4 mtCosmos3,
170480.9925 4 mtCosmos3,
170975.8575 4 mtCosmos3,
171470.7225 4 mtCosmos3,
171965.5875 4 mtCosmos3,
172460.4525 4 mtCosmos3,
172955.3175 4 mtCosmos3,
173450.1825 4 mtCosmos3,
173945.04750000002 4 mtCosmos3,
174439.9125 4 mtCosmos3,
174934.7775 4 mtCosmos3,
175429.64250000002 4 mtCosmos3,
175924.5075 4 mtCosmos3,
176419.3725 4 mtCosmos3,
176914.23750000002 4 mtCosmos3,
177409.1025 4 mtCosmos3,
177903.9675 4 mtCosmos3,
178398.8325 4 mtCosmos3,
178893.6975 4 mtCosmos3,
179388.5625 4 mtCosmos3,
179883.4275 4 mtCosmos3,
180378.2925 4 mtCosmos3,
180873.1575 4 mtCosmos3,
181368.0225 4 mtCosmos3,
181862.8875 4 mtCosmos3,
182357.7525 4 mtCosmos3,
182852.6175 4 mtCosmos3,
183347.4825 4 mtCosmos3,
183842.3475 4 mtCosmos3,
184337.2125 4 mtCosmos3,
184832.0775 4 mtCosmos3,
185326.9425 4 mtCosmos3,
185821.8075 4 mtCosmos3,
186316.67250000002 4 mtCosmos3,
186811.5375 4 mtCosmos3,
187306.4025 4 mtCosmos3,
187801.26750000002 4 mtCosmos3,
188296.1325 4 mtCosmos3,
188790.9975 4 mtCosmos3,
189285.86250000002 4 mtCosmos3,
189780.7275 4 mtCosmos3,
190275.5925 4 mtCosmos3,
190770.4575 4 mtCosmos3,
191265.3225 4 mtCosmos3,
191760.1875 4 mtCosmos3,
192255.0525 4 mtCosmos3,
192749.9175 4 mtCosmos3,
193244.7825 4 mtCosmos3,
193739.6475 4 mtCosmos3,
194234.5125 4 mtCosmos3,
194729.3775 4 mtCosmos3,
195224.2425 4 mtCosmos3,
195719.1075 4 mtCosmos3,
196213.9725 4 mtCosmos3,
196708.8375 4 mtCosmos3,
197203.7025 4 mtCosmos3,
197698.5675 4 mtCosmos3,
