529.97 33
1589.91 30
2649.85 27
3709.79 18
4769.73 18
5829.67 18
6889.61 12
7949.55 6
9009.49 3
10069.43 3
11129.37 3
12189.31 3
13249.25 0
14309.19 0
15369.13 0
16429.07 0
17489.01 5
18548.95 10
19608.89 9
20668.83 9
21728.77 8
22788.71 6
23848.65 4
24908.59 3
25968.53 4
27028.47 4
28088.41 4
29148.35 3
30208.29 3
31268.23 2
32328.17 2
33388.11 2
34448.05 2
35507.99 2
36567.93 2
37627.87 2
38687.81 1
39747.75 1
40807.69 1
41867.63 1
42927.57 1
43987.51 1
45047.45 1
46107.39 1
47167.33 1
48227.27 1
49287.21 1
50347.15 1
51407.09 1
52467.03 1
53526.97 1
54586.91 1
55646.85 1
56706.79 1
57766.73 1
58826.67 1
59886.61 1
60946.55 1
62006.49 0
63066.43 0
64126.37 0
65186.31 0
66246.25 0
67306.19 0
68366.13 0
69426.07 0
70486.01 0
71545.95 0
72605.89 0
73665.83 0
74725.77 0
75785.71 8
76845.65 8
77905.59 8
78965.53 8
80025.47 8
81085.41 8
82145.35 8
83205.29 8
84265.23 8
85325.17 8
86385.11 8
87445.05 8
88504.99 8
89564.93 8
90624.87 8
91684.81 8
92744.75 8
93804.69 8
94864.63 4
95924.57 4
96984.51 4
98044.45 4
99104.39 4
100164.33 4
101224.27 4
102284.21 4
103344.15 4
104404.09 4
105464.03 4
