378.30125 18 WideG,WideR,WideZ,WideI,WideY,CosmosG,
1134.90375 18 WideG,WideR,WideZ,WideI,WideY,CosmosG,
1891.50625 18 WideG,WideZ,WideI,WideY,CosmosG,CosmosR,
2648.10875 18 WideG,WideZ,WideI,WideY,CosmosG,CosmosR,
3404.71125 18 WideG,WideZ,WideY,CosmosG,CosmosR,CosmosI,
4161.313749999999 18 WideG,WideZ,CosmosR,CosmosI,CosmosZ,CosmosY,
4917.91625 18 WideG,WideZ,CosmosR,CosmosI,CosmosZ,CosmosY,
5674.518749999999 18 WideG,WideZ,CosmosR,CosmosI,CosmosZ,CosmosY,
6431.12125 12 CosmosI,CosmosZ,CosmosY,CosmosN,
7187.723749999999 12 CosmosI,CosmosZ,CosmosY,CosmosN,
7944.32625 16 CosmosI,CosmosZ,CosmosY,CosmosN,mosaic,mosaic,mosaic,mosaic,
8700.92875 17 CosmosI,CosmosZ,CosmosY,CosmosN,coaddWG,coaddWR,coaddWI,coaddWZ,coaddWY,
9457.53125 16 CosmosI,CosmosZ,CosmosY,CosmosN,coaddWG,coaddWI,coaddWZ,coaddWY,
10214.133749999999 13 CosmosI,CosmosZ,CosmosY,CosmosN,coaddWZ,
10970.73625 9 CosmosZ,CosmosY,CosmosN,
11727.338749999999 6 CosmosY,CosmosN,
12483.94125 3 CosmosY,
13240.543749999999 3 CosmosY,
13997.14625 3 CosmosY,
14753.748749999999 3 CosmosY,
15510.35125 3 CosmosY,
16266.953749999999 3 CosmosY,
17023.556249999998 0 
17780.15875 0 
18536.76125 0 
19293.36375 0 
20049.966249999998 0 
20806.56875 0 
21563.17125 0 
22319.77375 0 
23076.376249999998 0 
23832.97875 0 
24589.58125 0 
25346.18375 0 
26102.786249999997 0 
26859.38875 0 
27615.99125 0 
28372.59375 0 
29129.196249999997 0 
29885.798749999998 0 
30642.40125 0 
31399.00375 0 
32155.606249999997 0 
32912.20875 0 
33668.81125 0 
34425.41375 0 
35182.01625 0 
35938.61875 0 
36695.221249999995 1 mosaic,
37451.823749999996 1 mosaic,
38208.42625 0 
38965.02875 0 
39721.63125 0 
40478.23375 0 
41234.83625 0 
41991.43875 0 
42748.041249999995 0 
43504.643749999996 0 
44261.24625 0 
45017.84875 0 
45774.45125 0 
46531.05375 0 
47287.65625 0 
48044.25875 0 
48800.861249999994 0 
49557.463749999995 0 
50314.066249999996 0 
51070.66875 0 
51827.27125 0 
52583.87375 0 
53340.47625 0 
54097.07875 0 
54853.681249999994 0 
55610.283749999995 0 
56366.886249999996 0 
57123.48875 0 
57880.09125 0 
58636.69375 0 
59393.29625 0 
60149.89875 0 
60906.501249999994 0 
61663.103749999995 0 
62419.706249999996 0 
63176.30875 0 
63932.91125 0 
64689.51375 0 
65446.11625 0 
66202.71875 0 
66959.32125 0 
67715.92375 0 
68472.52625 0 
69229.12875 0 
69985.73125 0 
70742.33374999999 0 
71498.93625 0 
72255.53874999999 0 
73012.14125 0 
73768.74375 0 
74525.34625 3 mosaic,mosaic,mosaic,
75281.94875 2 mosaic,mosaic,
76038.55124999999 2 mosaic,mosaic,
76795.15375 1 mosaic,
77551.75624999999 1 mosaic,
78308.35875 0 
79064.96125 0 
79821.56375 0 
80578.16625 0 
81334.76875 0 
82091.37125 0 
82847.97374999999 0 
83604.57625 0 
84361.17874999999 0 
85117.78125 0 
85874.38375 0 
86630.98625 0 
87387.58875 0 
88144.19124999999 0 
88900.79375 0 
89657.39624999999 0 
90413.99875 0 
91170.60124999999 6 coaddCG,coaddCR,coaddCI,coaddCZ,coaddCN,coaddCY,
91927.20375 6 coaddCG,coaddCR,coaddCI,coaddCZ,coaddCN,coaddCY,
92683.80625 5 coaddCR,coaddCI,coaddCZ,coaddCN,coaddCY,
93440.40875 4 coaddCI,coaddCZ,coaddCN,coaddCY,
94197.01125 4 coaddCI,coaddCZ,coaddCN,coaddCY,
94953.61374999999 4 coaddCI,coaddCZ,coaddCN,coaddCY,
95710.21625 4 coaddCI,coaddCZ,coaddCN,coaddCY,
96466.81874999999 4 coaddCI,coaddCZ,coaddCN,coaddCY,
97223.42125 4 coaddCI,coaddCZ,coaddCN,coaddCY,
97980.02375 3 coaddCI,coaddCZ,coaddCY,
98736.62625 3 coaddCI,coaddCZ,coaddCY,
99493.22875 2 coaddCZ,coaddCY,
100249.83124999999 2 coaddCZ,coaddCY,
101006.43375 2 coaddCZ,coaddCY,
101763.03624999999 2 coaddCZ,coaddCY,
102519.63875 2 coaddCZ,coaddCY,
103276.24124999999 2 coaddCZ,coaddCY,
104032.84375 2 coaddCZ,coaddCY,
104789.44625 2 coaddCZ,coaddCY,
105546.04875 2 coaddCZ,coaddCY,
106302.65125 2 coaddCZ,coaddCY,
107059.25374999999 1 coaddCY,
107815.85625 1 coaddCY,
108572.45874999999 1 coaddCY,
109329.06125 1 coaddCY,
110085.66374999999 0 
110842.26625 0 
111598.86875 0 
112355.47124999999 0 
113112.07375 0 
113868.67624999999 0 
114625.27875 0 
115381.88124999999 0 
116138.48375 0 
116895.08625 0 
117651.68875 0 
118408.29125 0 
119164.89374999999 0 
119921.49625 0 
120678.09874999999 0 
121434.70125 0 
122191.30374999999 0 
122947.90625 0 
123704.50875 0 
124461.11124999999 0 
125217.71375 0 
125974.31624999999 0 
126730.91875 0 
127487.52124999999 0 
128244.12375 0 
129000.72624999999 0 
129757.32875 0 
130513.93125 0 
131270.53375 0 
132027.13624999998 0 
132783.73875 0 
133540.34125 0 
134296.94375 0 
135053.54624999998 0 
135810.14875 0 
136566.75125 0 
137323.35374999998 0 
138079.95625 0 
138836.55875 0 
139593.16125 0 
140349.76374999998 0 
141106.36625 0 
141862.96875 0 
142619.57124999998 0 
143376.17375 0 
144132.77625 0 
144889.37875 0 
145645.98124999998 0 
146402.58375 0 
147159.18625 0 
147915.78875 0 
148672.39125 0 
149428.99375 0 
150185.59625 0 
150942.19874999998 0 
151698.80125 0 
152455.40375 0 
153212.00625 0 
153968.60874999998 0 
154725.21125 0 
155481.81375 0 
156238.41624999998 0 
156995.01875 0 
157751.62125 0 
158508.22375 0 
159264.82624999998 0 
160021.42875 0 
160778.03125 0 
161534.63374999998 0 
162291.23625 0 
163047.83875 0 
163804.44125 0 
164561.04374999998 0 
165317.64625 0 
166074.24875 0 
166830.85124999998 0 
167587.45375 0 
168344.05625 0 
169100.65875 0 
169857.26124999998 0 
170613.86375 0 
171370.46625 0 
172127.06875 0 
172883.67124999998 0 
173640.27375 0 
174396.87625 0 
175153.47874999998 0 
175910.08125 0 
176666.68375 0 
177423.28625 0 
178179.88874999998 0 
178936.49125 0 
179693.09375 0 
180449.69624999998 0 
181206.29875 0 
181962.90125 0 
182719.50375 0 
183476.10624999998 0 
184232.70875 0 
184989.31125 0 
185745.91374999998 0 
186502.51625 0 
187259.11875 0 
188015.72125 0 
188772.32374999998 0 
189528.92625 0 
190285.52875 0 
191042.13124999998 0 
191798.73374999998 0 
192555.33625 0 
193311.93875 0 
194068.54124999998 0 
194825.14375 0 
195581.74625 0 
196338.34875 0 
197094.95124999998 1 mbWide8766,
197851.55375 1 mbWide8766,
198608.15625 1 mbWide8766,
199364.75874999998 1 mbWide8766,
200121.36125 1 mbWide8766,
200877.96375 1 mbWide8766,
201634.56625 1 mbWide8766,
202391.16874999998 1 mbWide8766,
203147.77125 1 mbWide8766,
203904.37375 1 mbWide8766,
204660.97624999998 1 mbWide8766,
205417.57875 1 mbWide8766,
206174.18125 1 mbWide8766,
206930.78375 1 mbWide8766,
207687.38624999998 1 mbWide8766,
208443.98875 1 mbWide8766,
209200.59125 1 mbWide8766,
209957.19374999998 1 mbWide8766,
210713.79624999998 1 mbWide8766,
211470.39875 1 mbWide8766,
212227.00125 1 mbWide8766,
212983.60374999998 1 mbWide8766,
213740.20625 1 mbWide8766,
214496.80875 1 mbWide8766,
215253.41124999998 1 mbWide8766,
216010.01374999998 1 mbWide8766,
216766.61625 1 mbWide8766,
217523.21875 1 mbWide8766,
218279.82124999998 1 mbWide8766,
219036.42375 1 mbWide8766,
219793.02625 1 mbWide8766,
220549.62875 1 mbWide8766,
221306.23124999998 1 mbWide8766,
222062.83375 0 
222819.43625 0 
223576.03874999998 0 
224332.64125 0 
225089.24375 0 
225845.84625 0 
226602.44874999998 0 
227359.05125 0 
228115.65375 0 
228872.25624999998 0 
229628.85874999998 0 
230385.46125 0 
231142.06375 0 
231898.66624999998 0 
232655.26875 0 
233411.87125 0 
234168.47374999998 0 
234925.07624999998 0 
235681.67875 0 
236438.28125 0 
237194.88374999998 0 
237951.48625 0 
238708.08875 0 
239464.69124999997 0 
240221.29374999998 0 
240977.89625 0 
241734.49875 0 
242491.10124999998 0 
243247.70375 0 
244004.30625 0 
244760.90875 0 
245517.51124999998 0 
246274.11375 0 
247030.71625 0 
247787.31874999998 0 
248543.92124999998 0 
249300.52375 0 
250057.12625 0 
250813.72874999998 0 
251570.33125 0 
252326.93375 0 
253083.53624999998 0 
253840.13874999998 0 
254596.74125 2 mbWide8767,
255353.34375 2 mbWide8767,
256109.94624999998 2 mbWide8767,
256866.54875 2 mbWide8767,
257623.15125 2 mbWide8767,
258379.75374999997 2 mbWide8767,
259136.35624999998 2 mbWide8767,
259892.95875 2 mbWide8767,
260649.56125 2 mbWide8767,
261406.16374999998 2 mbWide8767,
262162.76625 2 mbWide8767,
262919.36874999997 2 mbWide8767,
263675.97125 2 mbWide8767,
264432.57375 2 mbWide8767,
265189.17624999996 2 mbWide8767,
265945.77875 0 
266702.38125 0 
267458.98375 0 
268215.58625 0 
268972.18875 0 
269728.79125 0 
270485.39375 0 
271241.99624999997 3 mtCosmos,
271998.59875 3 mtCosmos,
272755.20125 3 mtCosmos,
273511.80374999996 3 mtCosmos,
274268.40625 3 mtCosmos,
275025.00875 3 mtCosmos,
275781.61124999996 3 mtCosmos,
276538.21375 3 mtCosmos,
277294.81625 3 mtCosmos,
278051.41875 3 mtCosmos,
278808.02125 3 mtCosmos,
279564.62374999997 3 mtCosmos,
280321.22625 3 mtCosmos,
281077.82875 3 mtCosmos,
281834.43124999997 3 mtCosmos,
282591.03375 3 mtCosmos,
283347.63625 3 mtCosmos,
284104.23874999996 3 mtCosmos,
284860.84125 3 mtCosmos,
285617.44375 3 mtCosmos,
286374.04625 3 mtCosmos,
287130.64875 3 mtCosmos,
287887.25125 3 mtCosmos,
288643.85375 3 mtCosmos,
289400.45625 3 mtCosmos,
290157.05874999997 3 mtCosmos,
290913.66125 3 mtCosmos,
291670.26375 3 mtCosmos,
292426.86624999996 3 mtCosmos,
293183.46875 3 mtCosmos,
293940.07125 3 mtCosmos,
294696.67374999996 3 mtCosmos,
295453.27625 3 mtCosmos,
296209.87875 3 mtCosmos,
296966.48125 3 mtCosmos,
297723.08375 3 mtCosmos,
298479.68624999997 3 mtCosmos,
299236.28875 3 mtCosmos,
299992.89125 3 mtCosmos,
300749.49374999997 3 mtCosmos,
301506.09625 3 mtCosmos,
302262.69875 3 mtCosmos,
